2024-11-08 14:19:29,281 DEBUG    root            Loaded Command Group: ['gcloud', 'components']
2024-11-08 14:19:29,284 DEBUG    root            Loaded Command Group: ['gcloud', 'components', 'update']
2024-11-08 14:19:29,287 DEBUG    root            Running [gcloud.components.update] with arguments: [--quiet: "True", COMPONENT-IDS:8: "['gcloud', 'core', 'bq', 'gsutil', 'compute', 'preview', 'alpha', 'beta']"]
2024-11-08 14:19:29,288 INFO     ___FILE_ONLY___ Beginning update. This process may take several minutes.

2024-11-08 14:19:29,298 DEBUG    urllib3.connectionpool Starting new HTTPS connection (1): dl.google.com:443
2024-11-08 14:19:29,359 DEBUG    urllib3.connectionpool https://dl.google.com:443 "GET /dl/cloudsdk/channels/rapid/components-2.json HTTP/1.1" 200 226997
2024-11-08 14:19:29,381 WARNING  root            Component [compute] no longer exists.
2024-11-08 14:19:29,382 WARNING  root            Component [preview] no longer exists.
2024-11-08 14:19:29,383 INFO     ___FILE_ONLY___ 

2024-11-08 14:19:29,383 INFO     ___FILE_ONLY___ 
Your current Google Cloud CLI version is: 500.0.0

2024-11-08 14:19:29,383 INFO     ___FILE_ONLY___ Installing components from version: 500.0.0

2024-11-08 14:19:29,384 INFO     ___FILE_ONLY___ 

2024-11-08 14:19:29,384 DEBUG    root            Chosen display Format:table[box,title="These components will be removed."](details.display_name:label=Name:align=left,version.version_string:label=Version:align=right,data.size.size(zero="",min=1048576):label=Size:align=right)
2024-11-08 14:19:29,385 DEBUG    root            Chosen display Format:table[box,title="These components will be updated."](details.display_name:label=Name:align=left,version.version_string:label=Version:align=right,data.size.size(zero="",min=1048576):label=Size:align=right)
2024-11-08 14:19:29,385 DEBUG    root            Chosen display Format:table[box,title="These components will be installed."](details.display_name:label=Name:align=left,version.version_string:label=Version:align=right,data.size.size(zero="",min=1048576):label=Size:align=right)
2024-11-08 14:19:29,403 INFO     ___FILE_ONLY___ ┌──────────────────────────────────────────────┐
2024-11-08 14:19:29,404 INFO     ___FILE_ONLY___ 

2024-11-08 14:19:29,404 INFO     ___FILE_ONLY___ │     These components will be installed.      │
2024-11-08 14:19:29,404 INFO     ___FILE_ONLY___ 

2024-11-08 14:19:29,404 INFO     ___FILE_ONLY___ ├───────────────────────┬────────────┬─────────┤
2024-11-08 14:19:29,404 INFO     ___FILE_ONLY___ 

2024-11-08 14:19:29,404 INFO     ___FILE_ONLY___ │          Name         │  Version   │   Size  │
2024-11-08 14:19:29,404 INFO     ___FILE_ONLY___ 

2024-11-08 14:19:29,404 INFO     ___FILE_ONLY___ ├───────────────────────┼────────────┼─────────┤
2024-11-08 14:19:29,404 INFO     ___FILE_ONLY___ 

2024-11-08 14:19:29,404 INFO     ___FILE_ONLY___ │ 
2024-11-08 14:19:29,404 INFO     ___FILE_ONLY___ gcloud Alpha Commands
2024-11-08 14:19:29,404 INFO     ___FILE_ONLY___  
2024-11-08 14:19:29,405 INFO     ___FILE_ONLY___ │ 
2024-11-08 14:19:29,405 INFO     ___FILE_ONLY___ 2024.11.01
2024-11-08 14:19:29,405 INFO     ___FILE_ONLY___  
2024-11-08 14:19:29,405 INFO     ___FILE_ONLY___ │ 
2024-11-08 14:19:29,405 INFO     ___FILE_ONLY___ < 1 MiB
2024-11-08 14:19:29,405 INFO     ___FILE_ONLY___  
2024-11-08 14:19:29,405 INFO     ___FILE_ONLY___ │
2024-11-08 14:19:29,405 INFO     ___FILE_ONLY___ 

2024-11-08 14:19:29,405 INFO     ___FILE_ONLY___ │ 
2024-11-08 14:19:29,405 INFO     ___FILE_ONLY___ gcloud Beta Commands 
2024-11-08 14:19:29,405 INFO     ___FILE_ONLY___  
2024-11-08 14:19:29,405 INFO     ___FILE_ONLY___ │ 
2024-11-08 14:19:29,405 INFO     ___FILE_ONLY___ 2024.11.01
2024-11-08 14:19:29,405 INFO     ___FILE_ONLY___  
2024-11-08 14:19:29,406 INFO     ___FILE_ONLY___ │ 
2024-11-08 14:19:29,406 INFO     ___FILE_ONLY___ < 1 MiB
2024-11-08 14:19:29,406 INFO     ___FILE_ONLY___  
2024-11-08 14:19:29,406 INFO     ___FILE_ONLY___ │
2024-11-08 14:19:29,406 INFO     ___FILE_ONLY___ 

2024-11-08 14:19:29,406 INFO     ___FILE_ONLY___ └───────────────────────┴────────────┴─────────┘
2024-11-08 14:19:29,406 INFO     ___FILE_ONLY___ 

2024-11-08 14:19:29,406 INFO     ___FILE_ONLY___ 

2024-11-08 14:19:29,410 DEBUG    urllib3.connectionpool Starting new HTTPS connection (1): dl.google.com:443
2024-11-08 14:19:29,472 DEBUG    urllib3.connectionpool https://dl.google.com:443 "GET /dl/cloudsdk/channels/rapid/RELEASE_NOTES HTTP/1.1" 200 1306389
2024-11-08 14:19:29,542 INFO     ___FILE_ONLY___ For the latest full release notes, please visit:
  https://cloud.google.com/sdk/release_notes


2024-11-08 14:19:29,543 INFO     ___FILE_ONLY___ Performing in place update...


2024-11-08 14:19:29,545 INFO     ___FILE_ONLY___ ╔════════════════════════════════════════════════════════════╗

2024-11-08 14:19:29,545 INFO     ___FILE_ONLY___ ╠═ Downloading: gcloud Alpha Commands                       ═╣

2024-11-08 14:19:29,545 INFO     ___FILE_ONLY___ ╚
2024-11-08 14:19:29,549 DEBUG    urllib3.connectionpool Starting new HTTPS connection (1): dl.google.com:443
2024-11-08 14:19:29,611 DEBUG    urllib3.connectionpool https://dl.google.com:443 "GET /dl/cloudsdk/channels/rapid/components/google-cloud-sdk-alpha-20241101143516.tar.gz HTTP/1.1" 200 800
2024-11-08 14:19:29,612 INFO     ___FILE_ONLY___ ════════════════════════════════════════════════════════════
2024-11-08 14:19:29,612 INFO     ___FILE_ONLY___ ╝

2024-11-08 14:19:29,615 INFO     ___FILE_ONLY___ ╔════════════════════════════════════════════════════════════╗

2024-11-08 14:19:29,615 INFO     ___FILE_ONLY___ ╠═ Downloading: gcloud Beta Commands                        ═╣

2024-11-08 14:19:29,615 INFO     ___FILE_ONLY___ ╚
2024-11-08 14:19:29,618 DEBUG    urllib3.connectionpool Starting new HTTPS connection (1): dl.google.com:443
2024-11-08 14:19:29,678 DEBUG    urllib3.connectionpool https://dl.google.com:443 "GET /dl/cloudsdk/channels/rapid/components/google-cloud-sdk-beta-20241101143516.tar.gz HTTP/1.1" 200 797
2024-11-08 14:19:29,679 INFO     ___FILE_ONLY___ ════════════════════════════════════════════════════════════
2024-11-08 14:19:29,679 INFO     ___FILE_ONLY___ ╝

2024-11-08 14:19:29,681 INFO     ___FILE_ONLY___ ╔════════════════════════════════════════════════════════════╗

2024-11-08 14:19:29,681 INFO     ___FILE_ONLY___ ╠═ Installing: gcloud Alpha Commands                        ═╣

2024-11-08 14:19:29,681 INFO     ___FILE_ONLY___ ╚
2024-11-08 14:19:29,682 INFO     ___FILE_ONLY___ ════════════════════════════════════════════════════════════
2024-11-08 14:19:29,682 INFO     ___FILE_ONLY___ ╝

2024-11-08 14:19:29,695 INFO     ___FILE_ONLY___ ╔════════════════════════════════════════════════════════════╗

2024-11-08 14:19:29,696 INFO     ___FILE_ONLY___ ╠═ Installing: gcloud Beta Commands                         ═╣

2024-11-08 14:19:29,696 INFO     ___FILE_ONLY___ ╚
2024-11-08 14:19:29,697 INFO     ___FILE_ONLY___ ════════════════════════════════════════════════════════════
2024-11-08 14:19:29,697 INFO     ___FILE_ONLY___ ╝

2024-11-08 14:19:29,706 DEBUG    root            Updating notification cache...
2024-11-08 14:19:29,707 INFO     ___FILE_ONLY___ 

2024-11-08 14:19:29,709 INFO     ___FILE_ONLY___ Performing post processing steps...
2024-11-08 14:19:29,709 DEBUG    root            Executing command: ['/tools/google-cloud-sdk/bin/gcloud', 'components', 'post-process']
2024-11-08 14:19:41,335 DEBUG    ___FILE_ONLY___ 
2024-11-08 14:19:41,335 DEBUG    ___FILE_ONLY___ 
2024-11-08 14:19:41,490 INFO     ___FILE_ONLY___ 
Update done!


2024-11-08 14:19:41,494 DEBUG    root            Chosen display Format:none
2024-11-08 14:19:41,494 INFO     root            Display format: "none"
